[INFO][2023-05-09 09:34:00][LINE:360][app]: {}
[INFO][2023-05-09 09:34:16][LINE:360][app]: {}
[INFO][2023-05-09 09:34:26][LINE:360][app]: {}
[INFO][2023-05-09 09:34:56][LINE:280][app]: NanGang
[INFO][2023-05-09 09:34:56][LINE:281][app]: ZuoYing
[INFO][2023-05-09 09:34:56][LINE:68][THSR]: NanGang
[INFO][2023-05-09 09:34:56][LINE:69][THSR]: ZuoYing
[INFO][2023-05-09 09:34:56][LINE:72][THSR]: Search date : 2023/05/09
[INFO][2023-05-09 09:34:56][LINE:73][THSR]: Search time : 10:00
[INFO][2023-05-09 09:34:57][LINE:137][THSR]: [225, 210, 145, 210, 225]
[INFO][2023-05-09 09:34:57][LINE:139][THSR]: 145
[INFO][2023-05-09 09:34:57][LINE:360][app]: {}
[INFO][2023-05-09 09:35:18][LINE:280][app]: NanGang
[INFO][2023-05-09 09:35:18][LINE:281][app]: ZuoYing
[INFO][2023-05-09 09:35:18][LINE:68][THSR]: NanGang
[INFO][2023-05-09 09:35:18][LINE:69][THSR]: ZuoYing
[INFO][2023-05-09 09:35:18][LINE:72][THSR]: Search date : 2023/05/09
[INFO][2023-05-09 09:35:18][LINE:73][THSR]: Search time : 10:00
[INFO][2023-05-09 09:35:19][LINE:137][THSR]: [225, 210, 145, 210, 225]
[INFO][2023-05-09 09:35:19][LINE:139][THSR]: 145
[INFO][2023-05-09 09:35:19][LINE:360][app]: {}
[INFO][2023-05-09 09:35:33][LINE:360][app]: {}
[INFO][2023-05-09 09:35:44][LINE:280][app]: NanGang
[INFO][2023-05-09 09:35:44][LINE:281][app]: ZuoYing
[INFO][2023-05-09 09:35:44][LINE:68][THSR]: NanGang
[INFO][2023-05-09 09:35:44][LINE:69][THSR]: ZuoYing
[INFO][2023-05-09 09:35:44][LINE:72][THSR]: Search date : 2023/05/09
[INFO][2023-05-09 09:35:44][LINE:73][THSR]: Search time : 10:00
[INFO][2023-05-09 09:35:45][LINE:137][THSR]: [225, 210, 145, 210, 225]
[INFO][2023-05-09 09:35:45][LINE:139][THSR]: 145
[INFO][2023-05-09 09:35:45][LINE:360][app]: {}
